<?xml version="1.0" encoding="UTF-8" ?>
<testsuites>
  <testsuite errors="0" failures="1" hostname="MacBook-de-Javier.local" id="0" name="RaceControllerTests" package="racetrack" tests="1" time="2.929" timestamp="2013-02-24T20:55:46">
      <properties />

      <testcase classname="racetrack.RaceControllerTests" name="testSomething" time="2.641">
          <failure message="junit.framework.AssertionFailedError: Implement me" type="junit.framework.AssertionFailedError">junit.framework.AssertionFailedError: junit.framework.AssertionFailedError: Implement me
	at racetrack.RaceControllerTests.testSomething(RaceControllerTests.groovy:15)
</failure>

      </testcase>

      <system-out><![CDATA[--Output from testSomething--
]]></system-out>

      <system-err><![CDATA[--Output from testSomething--
]]></system-err>

  </testsuite>
  <testsuite errors="0" failures="0" hostname="MacBook-de-Javier.local" id="1" name="RaceTests" package="racetrack" tests="1" time="1.637" timestamp="2013-02-24T20:55:48">
      <properties />

      <testcase classname="racetrack.RaceTests" name="testInMiles" time="0.549" />

      <system-out><![CDATA[--Output from testInMiles--
]]></system-out>

      <system-err><![CDATA[--Output from testInMiles--
]]></system-err>

  </testsuite>
  <testsuite errors="0" failures="1" hostname="MacBook-de-Javier.local" id="2" name="RegistrationControllerTests" package="racetrack" tests="1" time="1.488" timestamp="2013-02-24T20:55:50">
      <properties />

      <testcase classname="racetrack.RegistrationControllerTests" name="testSomething" time="1.134">
          <failure message="junit.framework.AssertionFailedError: Implement me" type="junit.framework.AssertionFailedError">junit.framework.AssertionFailedError: junit.framework.AssertionFailedError: Implement me
	at racetrack.RegistrationControllerTests.testSomething(RegistrationControllerTests.groovy:15)
</failure>

      </testcase>

      <system-out><![CDATA[--Output from testSomething--
]]></system-out>

      <system-err><![CDATA[--Output from testSomething--
]]></system-err>

  </testsuite>
  <testsuite errors="0" failures="1" hostname="MacBook-de-Javier.local" id="3" name="RegistrationTests" package="racetrack" tests="1" time="0.149" timestamp="2013-02-24T20:55:52">
      <properties />

      <testcase classname="racetrack.RegistrationTests" name="testSomething" time="0.146">
          <failure message="junit.framework.AssertionFailedError: Implement me" type="junit.framework.AssertionFailedError">junit.framework.AssertionFailedError: junit.framework.AssertionFailedError: Implement me
	at racetrack.RegistrationTests.testSomething(RegistrationTests.groovy:15)
</failure>

      </testcase>

      <system-out><![CDATA[--Output from testSomething--
]]></system-out>

      <system-err><![CDATA[--Output from testSomething--
]]></system-err>

  </testsuite>
</testsuites>
